\BOOKMARK [1][-]{section.1}{Identifica\347\343o do projecto}{}% 1
\BOOKMARK [2][-]{subsection.1.1}{Dom\355nio Cient\355fico}{section.1}% 2
\BOOKMARK [2][-]{subsection.1.2}{\301rea Cient\355fica Principal}{section.1}% 3
\BOOKMARK [2][-]{subsection.1.3}{\301rea Cient\355fica Secund\341ria}{section.1}% 4
\BOOKMARK [2][-]{subsection.1.4}{Acr\363nimo}{section.1}% 5
\BOOKMARK [2][-]{subsection.1.5}{T\355tulo do projecto \(em portugu\352s\)}{section.1}% 6
\BOOKMARK [2][-]{subsection.1.6}{T\355tulo do projecto \(em Ingl\352s\)}{section.1}% 7
\BOOKMARK [2][-]{subsection.1.7}{Financiamento Solicitado}{section.1}% 8
\BOOKMARK [2][-]{subsection.1.8}{Palavra-chave 1}{section.1}% 9
\BOOKMARK [2][-]{subsection.1.9}{Palavra-chave 2}{section.1}% 10
\BOOKMARK [2][-]{subsection.1.10}{Palavra-chave 3}{section.1}% 11
\BOOKMARK [2][-]{subsection.1.11}{Palavra-chave 4}{section.1}% 12
\BOOKMARK [2][-]{subsection.1.12}{Data de in\355cio do projecto}{section.1}% 13
\BOOKMARK [2][-]{subsection.1.13}{Dura\347\343o do projecto em meses}{section.1}% 14
\BOOKMARK [1][-]{section.2}{Institui\347\365es envolvidas}{}% 15
\BOOKMARK [2][-]{subsection.2.1}{Institui\347\343o Proponente}{section.2}% 16
\BOOKMARK [2][-]{subsection.2.2}{Institui\347\343o Participante}{section.2}% 17
\BOOKMARK [2][-]{subsection.2.3}{Unidade de Investiga\347\343o}{section.2}% 18
\BOOKMARK [2][-]{subsection.2.4}{Unidade de Investiga\347\343o Adicional}{section.2}% 19
\BOOKMARK [2][-]{subsection.2.5}{Institui\347\343o de Acolhimento}{section.2}% 20
\BOOKMARK [1][-]{section.3}{Componente Cient\355fica}{}% 21
\BOOKMARK [2][-]{subsection.3.1}{Sum\341rio}{section.3}% 22
\BOOKMARK [3][-]{subsubsection.3.1.1}{Em portugu\352s}{subsection.3.1}% 23
\BOOKMARK [3][-]{subsubsection.3.1.2}{Em ingl\352s}{subsection.3.1}% 24
\BOOKMARK [3][-]{subsubsection.3.1.3}{Para publica\347\343o - Em portugu\352s}{subsection.3.1}% 25
\BOOKMARK [3][-]{subsubsection.3.1.4}{Para publica\347\343o - Em ingl\352s}{subsection.3.1}% 26
\BOOKMARK [2][-]{subsection.3.2}{Descri\347\343o T\351cnica}{section.3}% 27
\BOOKMARK [3][-]{subsubsection.3.2.1}{Revis\343o da Literatura}{subsection.3.2}% 28
\BOOKMARK [3][-]{subsubsection.3.2.2}{Plano e M\351todos}{subsection.3.2}% 29
\BOOKMARK [3][-]{subsubsection.3.2.3}{Tarefas}{subsection.3.2}% 30
\BOOKMARK [3][-]{subsubsection.3.2.4}{Calendariza\347\343o e Gest\343o do Projecto}{subsection.3.2}% 31
\BOOKMARK [3][-]{subsubsection.3.2.5}{Descri\347\343o da Estrutura de Gest\343o}{subsection.3.2}% 32
\BOOKMARK [3][-]{subsubsection.3.2.6}{Lista de Milestones}{subsection.3.2}% 33
\BOOKMARK [3][-]{subsubsection.3.2.7}{Cronograma}{subsection.3.2}% 34
\BOOKMARK [2][-]{subsection.3.3}{Refer\352ncias Bibliogr\341ficas}{section.3}% 35
\BOOKMARK [2][-]{subsection.3.4}{Publica\347\365es Anteriores}{section.3}% 36
\BOOKMARK [2][-]{subsection.3.5}{Ressubmiss\343o de projectos}{section.3}% 37
\BOOKMARK [3][-]{subsubsection.3.5.1}{Ressubmiss\343o?}{subsection.3.5}% 38
\BOOKMARK [1][-]{section.4}{Equipa de Investiga\347\343o}{}% 39
\BOOKMARK [1][-]{section.5}{Outros Projectos}{}% 40
\BOOKMARK [1][-]{section.6}{Indicadores previstos}{}% 41
\BOOKMARK [1][-]{section.7}{Or\347amento}{}% 42
\BOOKMARK [1][-]{section.8}{Justifica\347\343o do or\347amento}{}% 43
\BOOKMARK [1][-]{section.9}{Ficheiros Anexos}{}% 44
